<?xml version="1.0" encoding="UTF-8"?>
<!-- Generated by org.testng.reporters.JUnitReportReporter -->
<testsuite skipped="0" hostname="WLW7-PRIYANKAG" name="com.assignment_1.testscripts.AddRemoveElementsScript" tests="1" failures="0" timestamp="27 Nov 2020 22:07:59 GMT" time="98.691" errors="0">
  <testcase name="tc_01_add_remove_elements" time="98.691" classname="com.assignment_1.testscripts.AddRemoveElementsScript"/>
</testsuite> <!-- com.assignment_1.testscripts.AddRemoveElementsScript -->
